2020.06.08 18:44:45 INFO  started: Metals version 0.9.0 in workspace 'C:\Users\HP\Desktop\Universidad\Tercer Semestre\Programación Orientada a Objetos\Repositorios\Parcial 3 POO'
2020.06.08 18:44:45 INFO  time: initialize in 0.57s
2020.06.08 18:44:47 WARN  no build tool detected in workspace 'C:\Users\HP\Desktop\Universidad\Tercer Semestre\Programación Orientada a Objetos\Repositorios\Parcial 3 POO'. The most common cause for this problem is that the editor was opened in the wrong working directory, for example if you use sbt then the workspace directory should contain build.sbt. 
2020.06.08 18:44:47 INFO  no build target: using presentation compiler with only scala-library
2020.06.08 18:44:50 WARN  no build target for: C:\Users\HP\Desktop\Universidad\Tercer Semestre\Programación Orientada a Objetos\Repositorios\Parcial 3 POO\composite\src\main\scala\Interfaz\InterfazCohete.scala
jun 08, 2020 6:51:02 PM org.eclipse.lsp4j.jsonrpc.RemoteEndpoint handleCancellation
ADVERTENCIA: Unmatched cancel notification for request id 1179
jun 08, 2020 6:51:24 PM org.eclipse.lsp4j.jsonrpc.RemoteEndpoint handleCancellation
ADVERTENCIA: Unmatched cancel notification for request id 1232
2020.06.08 18:51:47 WARN  no build tool detected in workspace 'C:\Users\HP\Desktop\Universidad\Tercer Semestre\Programación Orientada a Objetos\Repositorios\Parcial 3 POO'. The most common cause for this problem is that the editor was opened in the wrong working directory, for example if you use sbt then the workspace directory should contain build.sbt. 
2020.06.08 18:51:55 WARN  no build target for: C:\Users\HP\Desktop\Universidad\Tercer Semestre\Programación Orientada a Objetos\Repositorios\Parcial 3 POO\composite\src\main\scala\Interfaz\InterfazCohete.scala
2020.06.08 18:53:28 WARN  no build target for: C:\Users\HP\Desktop\Universidad\Tercer Semestre\Programación Orientada a Objetos\Repositorios\Parcial 3 POO\composite\src\main\scala\Interfaz\InterfazCohete.scala
2020.06.08 18:53:43 WARN  no build target for: C:\Users\HP\Desktop\Universidad\Tercer Semestre\Programación Orientada a Objetos\Repositorios\Parcial 3 POO\composite\src\main\scala\Interfaz\InterfazCohete.scala
2020.06.08 18:54:26 WARN  no build target for: C:\Users\HP\Desktop\Universidad\Tercer Semestre\Programación Orientada a Objetos\Repositorios\Parcial 3 POO\composite\src\main\scala\Interfaz\InterfazCohete.scala
2020.06.08 18:55:27 WARN  no build tool detected in workspace 'C:\Users\HP\Desktop\Universidad\Tercer Semestre\Programación Orientada a Objetos\Repositorios\Parcial 3 POO'. The most common cause for this problem is that the editor was opened in the wrong working directory, for example if you use sbt then the workspace directory should contain build.sbt. 
2020.06.08 18:55:27 WARN  no build tool detected in workspace 'C:\Users\HP\Desktop\Universidad\Tercer Semestre\Programación Orientada a Objetos\Repositorios\Parcial 3 POO'. The most common cause for this problem is that the editor was opened in the wrong working directory, for example if you use sbt then the workspace directory should contain build.sbt. 
2020.06.08 18:57:33 WARN  no build target for: C:\Users\HP\Desktop\Universidad\Tercer Semestre\Programación Orientada a Objetos\Repositorios\Parcial 3 POO\composite\src\main\scala\Acoplamiento\Cohete.scala
something's wrong: no file:///c%3A/Users/HP/Desktop/Universidad/Tercer%20Semestre/Programaci%C3%B3n%20Orientada%20a%20Objetos/Repositorios/Parcial%203%20POO/composite/src/main/scala/Interfaz/InterfazCohete.scala in scala.util.Try[<error>]RangePosition(file:///c%3A/Users/HP/Desktop/Universidad/Tercer%20Semestre/Programaci%C3%B3n%20Orientada%20a%20Objetos/Repositorios/Parcial%203%20POO/composite/src/main/scala/Interfaz/InterfazCohete.scala, 4423, 4423, 4436)
something's wrong: no file:///c%3A/Users/HP/Desktop/Universidad/Tercer%20Semestre/Programaci%C3%B3n%20Orientada%20a%20Objetos/Repositorios/Parcial%203%20POO/composite/src/main/scala/Interfaz/InterfazCohete.scala in scala.util.Try[<error>]RangePosition(file:///c%3A/Users/HP/Desktop/Universidad/Tercer%20Semestre/Programaci%C3%B3n%20Orientada%20a%20Objetos/Repositorios/Parcial%203%20POO/composite/src/main/scala/Interfaz/InterfazCohete.scala, 4423, 4423, 4429)
something's wrong: no file:///c%3A/Users/HP/Desktop/Universidad/Tercer%20Semestre/Programaci%C3%B3n%20Orientada%20a%20Objetos/Repositorios/Parcial%203%20POO/composite/src/main/scala/Interfaz/InterfazCohete.scala in scala.util.Try[<error>]RangePosition(file:///c%3A/Users/HP/Desktop/Universidad/Tercer%20Semestre/Programaci%C3%B3n%20Orientada%20a%20Objetos/Repositorios/Parcial%203%20POO/composite/src/main/scala/Interfaz/InterfazCohete.scala, 4423, 4423, 4430)
something's wrong: no file:///c%3A/Users/HP/Desktop/Universidad/Tercer%20Semestre/Programaci%C3%B3n%20Orientada%20a%20Objetos/Repositorios/Parcial%203%20POO/composite/src/main/scala/Interfaz/InterfazCohete.scala in scala.util.Try[<error>]RangePosition(file:///c%3A/Users/HP/Desktop/Universidad/Tercer%20Semestre/Programaci%C3%B3n%20Orientada%20a%20Objetos/Repositorios/Parcial%203%20POO/composite/src/main/scala/Interfaz/InterfazCohete.scala, 4423, 4423, 4431)
something's wrong: no file:///c%3A/Users/HP/Desktop/Universidad/Tercer%20Semestre/Programaci%C3%B3n%20Orientada%20a%20Objetos/Repositorios/Parcial%203%20POO/composite/src/main/scala/Interfaz/InterfazCohete.scala in scala.util.Try[<error>]RangePosition(file:///c%3A/Users/HP/Desktop/Universidad/Tercer%20Semestre/Programaci%C3%B3n%20Orientada%20a%20Objetos/Repositorios/Parcial%203%20POO/composite/src/main/scala/Interfaz/InterfazCohete.scala, 4423, 4423, 4432)
something's wrong: no file:///c%3A/Users/HP/Desktop/Universidad/Tercer%20Semestre/Programaci%C3%B3n%20Orientada%20a%20Objetos/Repositorios/Parcial%203%20POO/composite/src/main/scala/Interfaz/InterfazCohete.scala in scala.util.Try[<error>]RangePosition(file:///c%3A/Users/HP/Desktop/Universidad/Tercer%20Semestre/Programaci%C3%B3n%20Orientada%20a%20Objetos/Repositorios/Parcial%203%20POO/composite/src/main/scala/Interfaz/InterfazCohete.scala, 4423, 4423, 4434)
something's wrong: no file:///c%3A/Users/HP/Desktop/Universidad/Tercer%20Semestre/Programaci%C3%B3n%20Orientada%20a%20Objetos/Repositorios/Parcial%203%20POO/composite/src/main/scala/Interfaz/InterfazCohete.scala in scala.util.Try[<error>]RangePosition(file:///c%3A/Users/HP/Desktop/Universidad/Tercer%20Semestre/Programaci%C3%B3n%20Orientada%20a%20Objetos/Repositorios/Parcial%203%20POO/composite/src/main/scala/Interfaz/InterfazCohete.scala, 4423, 4423, 4435)
something's wrong: no file:///c%3A/Users/HP/Desktop/Universidad/Tercer%20Semestre/Programaci%C3%B3n%20Orientada%20a%20Objetos/Repositorios/Parcial%203%20POO/composite/src/main/scala/Interfaz/InterfazCohete.scala in scala.util.Try[<error>]RangePosition(file:///c%3A/Users/HP/Desktop/Universidad/Tercer%20Semestre/Programaci%C3%B3n%20Orientada%20a%20Objetos/Repositorios/Parcial%203%20POO/composite/src/main/scala/Interfaz/InterfazCohete.scala, 4423, 4423, 4440)
something's wrong: no file:///c%3A/Users/HP/Desktop/Universidad/Tercer%20Semestre/Programaci%C3%B3n%20Orientada%20a%20Objetos/Repositorios/Parcial%203%20POO/composite/src/main/scala/Interfaz/InterfazCohete.scala in scala.util.Try[<error>]RangePosition(file:///c%3A/Users/HP/Desktop/Universidad/Tercer%20Semestre/Programaci%C3%B3n%20Orientada%20a%20Objetos/Repositorios/Parcial%203%20POO/composite/src/main/scala/Interfaz/InterfazCohete.scala, 4423, 4423, 4441)
something's wrong: no file:///c%3A/Users/HP/Desktop/Universidad/Tercer%20Semestre/Programaci%C3%B3n%20Orientada%20a%20Objetos/Repositorios/Parcial%203%20POO/composite/src/main/scala/Interfaz/InterfazCohete.scala in scala.util.Try[<error>]RangePosition(file:///c%3A/Users/HP/Desktop/Universidad/Tercer%20Semestre/Programaci%C3%B3n%20Orientada%20a%20Objetos/Repositorios/Parcial%203%20POO/composite/src/main/scala/Interfaz/InterfazCohete.scala, 4423, 4423, 4440)
something's wrong: no file:///c%3A/Users/HP/Desktop/Universidad/Tercer%20Semestre/Programaci%C3%B3n%20Orientada%20a%20Objetos/Repositorios/Parcial%203%20POO/composite/src/main/scala/Interfaz/InterfazCohete.scala in scala.util.Try[<error>]RangePosition(file:///c%3A/Users/HP/Desktop/Universidad/Tercer%20Semestre/Programaci%C3%B3n%20Orientada%20a%20Objetos/Repositorios/Parcial%203%20POO/composite/src/main/scala/Interfaz/InterfazCohete.scala, 4423, 4423, 4440)
something's wrong: no file:///c%3A/Users/HP/Desktop/Universidad/Tercer%20Semestre/Programaci%C3%B3n%20Orientada%20a%20Objetos/Repositorios/Parcial%203%20POO/composite/src/main/scala/Interfaz/InterfazCohete.scala in scala.util.Try[<error>]RangePosition(file:///c%3A/Users/HP/Desktop/Universidad/Tercer%20Semestre/Programaci%C3%B3n%20Orientada%20a%20Objetos/Repositorios/Parcial%203%20POO/composite/src/main/scala/Interfaz/InterfazCohete.scala, 4423, 4423, 4440)
something's wrong: no file:///c%3A/Users/HP/Desktop/Universidad/Tercer%20Semestre/Programaci%C3%B3n%20Orientada%20a%20Objetos/Repositorios/Parcial%203%20POO/composite/src/main/scala/Interfaz/InterfazCohete.scala in scala.util.Try[<error>]RangePosition(file:///c%3A/Users/HP/Desktop/Universidad/Tercer%20Semestre/Programaci%C3%B3n%20Orientada%20a%20Objetos/Repositorios/Parcial%203%20POO/composite/src/main/scala/Interfaz/InterfazCohete.scala, 4420, 4420, 4433)
something's wrong: no file:///c%3A/Users/HP/Desktop/Universidad/Tercer%20Semestre/Programaci%C3%B3n%20Orientada%20a%20Objetos/Repositorios/Parcial%203%20POO/composite/src/main/scala/Interfaz/InterfazCohete.scala in scala.util.Try[<error>]RangePosition(file:///c%3A/Users/HP/Desktop/Universidad/Tercer%20Semestre/Programaci%C3%B3n%20Orientada%20a%20Objetos/Repositorios/Parcial%203%20POO/composite/src/main/scala/Interfaz/InterfazCohete.scala, 4420, 4420, 4426)
something's wrong: no file:///c%3A/Users/HP/Desktop/Universidad/Tercer%20Semestre/Programaci%C3%B3n%20Orientada%20a%20Objetos/Repositorios/Parcial%203%20POO/composite/src/main/scala/Interfaz/InterfazCohete.scala in scala.util.Try[<error>]RangePosition(file:///c%3A/Users/HP/Desktop/Universidad/Tercer%20Semestre/Programaci%C3%B3n%20Orientada%20a%20Objetos/Repositorios/Parcial%203%20POO/composite/src/main/scala/Interfaz/InterfazCohete.scala, 4420, 4420, 4428)
something's wrong: no file:///c%3A/Users/HP/Desktop/Universidad/Tercer%20Semestre/Programaci%C3%B3n%20Orientada%20a%20Objetos/Repositorios/Parcial%203%20POO/composite/src/main/scala/Interfaz/InterfazCohete.scala in scala.util.Try[<error>]RangePosition(file:///c%3A/Users/HP/Desktop/Universidad/Tercer%20Semestre/Programaci%C3%B3n%20Orientada%20a%20Objetos/Repositorios/Parcial%203%20POO/composite/src/main/scala/Interfaz/InterfazCohete.scala, 4420, 4420, 4430)
something's wrong: no file:///c%3A/Users/HP/Desktop/Universidad/Tercer%20Semestre/Programaci%C3%B3n%20Orientada%20a%20Objetos/Repositorios/Parcial%203%20POO/composite/src/main/scala/Interfaz/InterfazCohete.scala in scala.util.Try[<error>]RangePosition(file:///c%3A/Users/HP/Desktop/Universidad/Tercer%20Semestre/Programaci%C3%B3n%20Orientada%20a%20Objetos/Repositorios/Parcial%203%20POO/composite/src/main/scala/Interfaz/InterfazCohete.scala, 4420, 4420, 4431)
something's wrong: no file:///c%3A/Users/HP/Desktop/Universidad/Tercer%20Semestre/Programaci%C3%B3n%20Orientada%20a%20Objetos/Repositorios/Parcial%203%20POO/composite/src/main/scala/Interfaz/InterfazCohete.scala in scala.util.Try[<error>]RangePosition(file:///c%3A/Users/HP/Desktop/Universidad/Tercer%20Semestre/Programaci%C3%B3n%20Orientada%20a%20Objetos/Repositorios/Parcial%203%20POO/composite/src/main/scala/Interfaz/InterfazCohete.scala, 4420, 4420, 4432)
something's wrong: no file:///c%3A/Users/HP/Desktop/Universidad/Tercer%20Semestre/Programaci%C3%B3n%20Orientada%20a%20Objetos/Repositorios/Parcial%203%20POO/composite/src/main/scala/Interfaz/InterfazCohete.scala in scala.util.Try[<error>]RangePosition(file:///c%3A/Users/HP/Desktop/Universidad/Tercer%20Semestre/Programaci%C3%B3n%20Orientada%20a%20Objetos/Repositorios/Parcial%203%20POO/composite/src/main/scala/Interfaz/InterfazCohete.scala, 4420, 4420, 4433)
something's wrong: no file:///c%3A/Users/HP/Desktop/Universidad/Tercer%20Semestre/Programaci%C3%B3n%20Orientada%20a%20Objetos/Repositorios/Parcial%203%20POO/composite/src/main/scala/Interfaz/InterfazCohete.scala in scala.util.Try[<error>]RangePosition(file:///c%3A/Users/HP/Desktop/Universidad/Tercer%20Semestre/Programaci%C3%B3n%20Orientada%20a%20Objetos/Repositorios/Parcial%203%20POO/composite/src/main/scala/Interfaz/InterfazCohete.scala, 4420, 4420, 4434)
something's wrong: no file:///c%3A/Users/HP/Desktop/Universidad/Tercer%20Semestre/Programaci%C3%B3n%20Orientada%20a%20Objetos/Repositorios/Parcial%203%20POO/composite/src/main/scala/Interfaz/InterfazCohete.scala in scala.util.Try[<error>]RangePosition(file:///c%3A/Users/HP/Desktop/Universidad/Tercer%20Semestre/Programaci%C3%B3n%20Orientada%20a%20Objetos/Repositorios/Parcial%203%20POO/composite/src/main/scala/Interfaz/InterfazCohete.scala, 4420, 4420, 4437)
something's wrong: no file:///c%3A/Users/HP/Desktop/Universidad/Tercer%20Semestre/Programaci%C3%B3n%20Orientada%20a%20Objetos/Repositorios/Parcial%203%20POO/composite/src/main/scala/Interfaz/InterfazCohete.scala in scala.util.Try[<error>]RangePosition(file:///c%3A/Users/HP/Desktop/Universidad/Tercer%20Semestre/Programaci%C3%B3n%20Orientada%20a%20Objetos/Repositorios/Parcial%203%20POO/composite/src/main/scala/Interfaz/InterfazCohete.scala, 4420, 4420, 4437)
something's wrong: no file:///c%3A/Users/HP/Desktop/Universidad/Tercer%20Semestre/Programaci%C3%B3n%20Orientada%20a%20Objetos/Repositorios/Parcial%203%20POO/composite/src/main/scala/Interfaz/InterfazCohete.scala in scala.util.Try[<error>]RangePosition(file:///c%3A/Users/HP/Desktop/Universidad/Tercer%20Semestre/Programaci%C3%B3n%20Orientada%20a%20Objetos/Repositorios/Parcial%203%20POO/composite/src/main/scala/Interfaz/InterfazCohete.scala, 4420, 4420, 4437)
2020.06.08 19:13:10 WARN  no build tool detected in workspace 'C:\Users\HP\Desktop\Universidad\Tercer Semestre\Programación Orientada a Objetos\Repositorios\Parcial 3 POO'. The most common cause for this problem is that the editor was opened in the wrong working directory, for example if you use sbt then the workspace directory should contain build.sbt. 
2020.06.08 19:13:23 WARN  no build tool detected in workspace 'C:\Users\HP\Desktop\Universidad\Tercer Semestre\Programación Orientada a Objetos\Repositorios\Parcial 3 POO'. The most common cause for this problem is that the editor was opened in the wrong working directory, for example if you use sbt then the workspace directory should contain build.sbt. 
2020.06.08 19:14:49 WARN  no build tool detected in workspace 'C:\Users\HP\Desktop\Universidad\Tercer Semestre\Programación Orientada a Objetos\Repositorios\Parcial 3 POO'. The most common cause for this problem is that the editor was opened in the wrong working directory, for example if you use sbt then the workspace directory should contain build.sbt. 
2020.06.08 19:18:38 WARN  no build target for: C:\Users\HP\Desktop\Universidad\Tercer Semestre\Programación Orientada a Objetos\Repositorios\Parcial 3 POO\composite\src\main\scala\Interfaz\InterfazCohete.scala
2020.06.08 19:19:15 WARN  no build target for: C:\Users\HP\Desktop\Universidad\Tercer Semestre\Programación Orientada a Objetos\Repositorios\Parcial 3 POO\composite\src\main\scala\Interfaz\InterfazCohete.scala
2020.06.08 19:19:50 WARN  no build tool detected in workspace 'C:\Users\HP\Desktop\Universidad\Tercer Semestre\Programación Orientada a Objetos\Repositorios\Parcial 3 POO'. The most common cause for this problem is that the editor was opened in the wrong working directory, for example if you use sbt then the workspace directory should contain build.sbt. 
2020.06.08 19:20:10 WARN  no build tool detected in workspace 'C:\Users\HP\Desktop\Universidad\Tercer Semestre\Programación Orientada a Objetos\Repositorios\Parcial 3 POO'. The most common cause for this problem is that the editor was opened in the wrong working directory, for example if you use sbt then the workspace directory should contain build.sbt. 
2020.06.08 19:20:43 WARN  no build target for: C:\Users\HP\Desktop\Universidad\Tercer Semestre\Programación Orientada a Objetos\Repositorios\Parcial 3 POO\composite\src\main\scala\Interfaz\InterfazCohete.scala
2020.06.08 19:20:48 WARN  no build tool detected in workspace 'C:\Users\HP\Desktop\Universidad\Tercer Semestre\Programación Orientada a Objetos\Repositorios\Parcial 3 POO'. The most common cause for this problem is that the editor was opened in the wrong working directory, for example if you use sbt then the workspace directory should contain build.sbt. 
2020.06.08 19:20:50 WARN  no build tool detected in workspace 'C:\Users\HP\Desktop\Universidad\Tercer Semestre\Programación Orientada a Objetos\Repositorios\Parcial 3 POO'. The most common cause for this problem is that the editor was opened in the wrong working directory, for example if you use sbt then the workspace directory should contain build.sbt. 
2020.06.08 19:20:54 WARN  no build tool detected in workspace 'C:\Users\HP\Desktop\Universidad\Tercer Semestre\Programación Orientada a Objetos\Repositorios\Parcial 3 POO'. The most common cause for this problem is that the editor was opened in the wrong working directory, for example if you use sbt then the workspace directory should contain build.sbt. 
2020.06.08 19:20:55 WARN  no build target for: C:\Users\HP\Desktop\Universidad\Tercer Semestre\Programación Orientada a Objetos\Repositorios\Parcial 3 POO\composite\src\main\scala\Interfaz\InterfazCohete.scala
2020.06.08 19:21:07 WARN  no build target for: C:\Users\HP\Desktop\Universidad\Tercer Semestre\Programación Orientada a Objetos\Repositorios\Parcial 3 POO\composite\src\main\scala\Interfaz\InterfazCohete.scala
2020.06.08 19:21:18 WARN  no build target for: C:\Users\HP\Desktop\Universidad\Tercer Semestre\Programación Orientada a Objetos\Repositorios\Parcial 3 POO\composite\src\main\scala\Interfaz\InterfazCohete.scala
jun 08, 2020 7:21:38 PM org.eclipse.lsp4j.jsonrpc.RemoteEndpoint handleCancellation
ADVERTENCIA: Unmatched cancel notification for request id 4996
2020.06.08 19:23:36 WARN  no build target for: C:\Users\HP\Desktop\Universidad\Tercer Semestre\Programación Orientada a Objetos\Repositorios\Parcial 3 POO\composite\src\main\scala\Interfaz\InterfazCohete.scala
2020.06.08 19:24:36 WARN  no build target for: C:\Users\HP\Desktop\Universidad\Tercer Semestre\Programación Orientada a Objetos\Repositorios\Parcial 3 POO\composite\src\main\scala\Interfaz\InterfazCohete.scala
jun 08, 2020 7:25:33 PM org.eclipse.lsp4j.jsonrpc.RemoteEndpoint handleCancellation
ADVERTENCIA: Unmatched cancel notification for request id 5666
2020.06.08 19:26:38 WARN  no build tool detected in workspace 'C:\Users\HP\Desktop\Universidad\Tercer Semestre\Programación Orientada a Objetos\Repositorios\Parcial 3 POO'. The most common cause for this problem is that the editor was opened in the wrong working directory, for example if you use sbt then the workspace directory should contain build.sbt. 
2020.06.08 19:27:24 WARN  no build target for: C:\Users\HP\Desktop\Universidad\Tercer Semestre\Programación Orientada a Objetos\Repositorios\Parcial 3 POO\composite\src\main\scala\Interfaz\InterfazCohete.scala
2020.06.08 19:27:54 WARN  no build target for: C:\Users\HP\Desktop\Universidad\Tercer Semestre\Programación Orientada a Objetos\Repositorios\Parcial 3 POO\composite\src\main\scala\Interfaz\InterfazCohete.scala
2020.06.08 19:28:19 WARN  no build target for: C:\Users\HP\Desktop\Universidad\Tercer Semestre\Programación Orientada a Objetos\Repositorios\Parcial 3 POO\composite\src\main\scala\Interfaz\InterfazCohete.scala
2020.06.08 19:29:43 WARN  no build target for: C:\Users\HP\Desktop\Universidad\Tercer Semestre\Programación Orientada a Objetos\Repositorios\Parcial 3 POO\composite\src\main\scala\Interfaz\InterfazCohete.scala
2020.06.08 19:29:50 WARN  no build tool detected in workspace 'C:\Users\HP\Desktop\Universidad\Tercer Semestre\Programación Orientada a Objetos\Repositorios\Parcial 3 POO'. The most common cause for this problem is that the editor was opened in the wrong working directory, for example if you use sbt then the workspace directory should contain build.sbt. 
2020.06.08 19:29:50 WARN  no build tool detected in workspace 'C:\Users\HP\Desktop\Universidad\Tercer Semestre\Programación Orientada a Objetos\Repositorios\Parcial 3 POO'. The most common cause for this problem is that the editor was opened in the wrong working directory, for example if you use sbt then the workspace directory should contain build.sbt. 
2020.06.08 19:29:53 WARN  no build target for: C:\Users\HP\Desktop\Universidad\Tercer Semestre\Programación Orientada a Objetos\Repositorios\Parcial 3 POO\composite\src\main\scala\Interfaz\InterfazCohete.scala
2020.06.08 19:30:59 WARN  no build tool detected in workspace 'C:\Users\HP\Desktop\Universidad\Tercer Semestre\Programación Orientada a Objetos\Repositorios\Parcial 3 POO'. The most common cause for this problem is that the editor was opened in the wrong working directory, for example if you use sbt then the workspace directory should contain build.sbt. 
jun 08, 2020 7:31:14 PM org.eclipse.lsp4j.jsonrpc.RemoteEndpoint handleCancellation
ADVERTENCIA: Unmatched cancel notification for request id 6731
jun 08, 2020 7:31:21 PM org.eclipse.lsp4j.jsonrpc.RemoteEndpoint handleCancellation
ADVERTENCIA: Unmatched cancel notification for request id 6775
2020.06.08 19:31:31 WARN  no build target for: C:\Users\HP\Desktop\Universidad\Tercer Semestre\Programación Orientada a Objetos\Repositorios\Parcial 3 POO\composite\src\main\scala\Interfaz\InterfazCohete.scala
2020.06.08 19:32:17 WARN  no build tool detected in workspace 'C:\Users\HP\Desktop\Universidad\Tercer Semestre\Programación Orientada a Objetos\Repositorios\Parcial 3 POO'. The most common cause for this problem is that the editor was opened in the wrong working directory, for example if you use sbt then the workspace directory should contain build.sbt. 
2020.06.08 19:32:35 WARN  no build target for: C:\Users\HP\Desktop\Universidad\Tercer Semestre\Programación Orientada a Objetos\Repositorios\Parcial 3 POO\composite\src\main\scala\Interfaz\InterfazCohete.scala
2020.06.08 20:01:05 INFO  shutting down Metals
