INFO  started: Metals version 0.8.4 in workspace 'C:\Users\HP\Desktop\Universidad\Tercer Semestre\Programación Orientada a Objetos\Repositorios'
INFO  time: initialize in 1.03s
WARN  no build tool detected in workspace 'C:\Users\HP\Desktop\Universidad\Tercer Semestre\Programación Orientada a Objetos\Repositorios'. The most common cause for this problem is that the editor was opened in the wrong working directory, for example if you use sbt then the workspace directory should contain build.sbt. 
WARN  no build target for: C:\Users\HP\Desktop\Universidad\Tercer Semestre\Programación Orientada a Objetos\Repositorios\Netflix\src\main\scala\Netflix\Netflix.scala
INFO  no build target: using presentation compiler with only scala-library
abr 15, 2020 3:21:39 PM org.eclipse.lsp4j.jsonrpc.RemoteEndpoint handleCancellation
ADVERTENCIA: Unmatched cancel notification for request id 5
abr 15, 2020 3:21:39 PM org.eclipse.lsp4j.jsonrpc.RemoteEndpoint handleCancellation
ADVERTENCIA: Unmatched cancel notification for request id 6
abr 15, 2020 3:21:39 PM org.eclipse.lsp4j.jsonrpc.RemoteEndpoint handleCancellation
ADVERTENCIA: Unmatched cancel notification for request id 9
abr 15, 2020 3:21:39 PM org.eclipse.lsp4j.jsonrpc.RemoteEndpoint handleCancellation
ADVERTENCIA: Unmatched cancel notification for request id 12
abr 15, 2020 3:21:39 PM org.eclipse.lsp4j.jsonrpc.RemoteEndpoint handleCancellation
ADVERTENCIA: Unmatched cancel notification for request id 15
abr 15, 2020 3:21:39 PM org.eclipse.lsp4j.jsonrpc.RemoteEndpoint handleCancellation
ADVERTENCIA: Unmatched cancel notification for request id 13
abr 15, 2020 3:21:40 PM org.eclipse.lsp4j.jsonrpc.RemoteEndpoint handleCancellation
ADVERTENCIA: Unmatched cancel notification for request id 17
abr 15, 2020 3:21:40 PM org.eclipse.lsp4j.jsonrpc.RemoteEndpoint handleCancellation
ADVERTENCIA: Unmatched cancel notification for request id 25
abr 15, 2020 3:21:40 PM org.eclipse.lsp4j.jsonrpc.RemoteEndpoint handleCancellation
ADVERTENCIA: Unmatched cancel notification for request id 27
WARN  no build target for: C:\Users\HP\Desktop\Universidad\Tercer Semestre\Programación Orientada a Objetos\Repositorios\Netflix\src\main\scala\Netflix\Netflix.scala
abr 15, 2020 5:01:28 PM org.eclipse.lsp4j.jsonrpc.RemoteEndpoint handleCancellation
ADVERTENCIA: Unmatched cancel notification for request id 40
WARN  no build target for: C:\Users\HP\Desktop\Universidad\Tercer Semestre\Programación Orientada a Objetos\Practicas\comidarapida\src\main\scala\Alimentos\Alimentos.scala
WARN  no build tool detected in workspace 'C:\Users\HP\Desktop\Universidad\Tercer Semestre\Programación Orientada a Objetos\Repositorios'. The most common cause for this problem is that the editor was opened in the wrong working directory, for example if you use sbt then the workspace directory should contain build.sbt. 
WARN  no build target for: C:\Users\HP\Desktop\Universidad\Tercer Semestre\Programación Orientada a Objetos\Repositorios\Netflix\src\main\scala\Netflix\Netflix.scala
WARN  no build target for: C:\Users\HP\Desktop\Universidad\Tercer Semestre\Programación Orientada a Objetos\Repositorios\Netflix\src\main\scala\Netflix\Netflix.scala
WARN  no build target for: C:\Users\HP\Desktop\Universidad\Tercer Semestre\Programación Orientada a Objetos\Repositorios\Netflix\src\main\scala\Netflix\Netflix.scala
abr 15, 2020 5:43:35 PM org.eclipse.lsp4j.jsonrpc.RemoteEndpoint handleCancellation
ADVERTENCIA: Unmatched cancel notification for request id 2226
abr 15, 2020 5:43:57 PM org.eclipse.lsp4j.jsonrpc.RemoteEndpoint handleCancellation
ADVERTENCIA: Unmatched cancel notification for request id 2240
abr 15, 2020 5:43:57 PM org.eclipse.lsp4j.jsonrpc.RemoteEndpoint handleCancellation
ADVERTENCIA: Unmatched cancel notification for request id 2241
abr 15, 2020 5:43:57 PM org.eclipse.lsp4j.jsonrpc.RemoteEndpoint handleCancellation
ADVERTENCIA: Unmatched cancel notification for request id 2242
abr 15, 2020 5:43:57 PM org.eclipse.lsp4j.jsonrpc.RemoteEndpoint handleCancellation
ADVERTENCIA: Unmatched cancel notification for request id 2246
abr 15, 2020 5:43:57 PM org.eclipse.lsp4j.jsonrpc.RemoteEndpoint handleCancellation
ADVERTENCIA: Unmatched cancel notification for request id 2245
abr 15, 2020 5:43:57 PM org.eclipse.lsp4j.jsonrpc.RemoteEndpoint handleCancellation
ADVERTENCIA: Unmatched cancel notification for request id 2247
abr 15, 2020 5:43:57 PM org.eclipse.lsp4j.jsonrpc.RemoteEndpoint handleCancellation
ADVERTENCIA: Unmatched cancel notification for request id 2251
abr 15, 2020 5:43:58 PM org.eclipse.lsp4j.jsonrpc.RemoteEndpoint handleCancellation
ADVERTENCIA: Unmatched cancel notification for request id 2250
abr 15, 2020 5:43:58 PM org.eclipse.lsp4j.jsonrpc.RemoteEndpoint handleCancellation
ADVERTENCIA: Unmatched cancel notification for request id 2255
abr 15, 2020 5:43:58 PM org.eclipse.lsp4j.jsonrpc.RemoteEndpoint handleCancellation
ADVERTENCIA: Unmatched cancel notification for request id 2254
abr 15, 2020 5:43:58 PM org.eclipse.lsp4j.jsonrpc.RemoteEndpoint handleCancellation
ADVERTENCIA: Unmatched cancel notification for request id 2252
abr 15, 2020 5:43:58 PM org.eclipse.lsp4j.jsonrpc.RemoteEndpoint handleCancellation
ADVERTENCIA: Unmatched cancel notification for request id 2243
abr 15, 2020 5:43:58 PM org.eclipse.lsp4j.jsonrpc.RemoteEndpoint handleCancellation
ADVERTENCIA: Unmatched cancel notification for request id 2258
WARN  no build target for: C:\Users\HP\Desktop\Universidad\Tercer Semestre\Programación Orientada a Objetos\Repositorios\Netflix\src\main\scala\Netflix\Netflix.scala
INFO  shutting down Metals
INFO  started: Metals version 0.8.4 in workspace 'C:\Users\HP\Desktop\Universidad\Tercer Semestre\Programación Orientada a Objetos\Repositorios'
INFO  time: initialize in 0.92s
WARN  no build tool detected in workspace 'C:\Users\HP\Desktop\Universidad\Tercer Semestre\Programación Orientada a Objetos\Repositorios'. The most common cause for this problem is that the editor was opened in the wrong working directory, for example if you use sbt then the workspace directory should contain build.sbt. 
WARN  no build target for: C:\Users\HP\Desktop\Universidad\Tercer Semestre\Programación Orientada a Objetos\Repositorios\Netflix\src\main\scala\Netflix\Netflix.scala
WARN  no build target for: C:\Users\HP\Desktop\Universidad\Tercer Semestre\Programación Orientada a Objetos\Repositorios\Netflix\src\main\scala\Peliculas\Peliculas.scala
INFO  no build target: using presentation compiler with only scala-library
WARN  no build target for: C:\Users\HP\Desktop\Universidad\Tercer Semestre\Programación Orientada a Objetos\Repositorios\Netflix\src\main\scala\Netflix\Netflix.scala
abr 18, 2020 4:25:31 PM org.eclipse.lsp4j.jsonrpc.RemoteEndpoint handleCancellation
ADVERTENCIA: Unmatched cancel notification for request id 58
abr 18, 2020 4:25:33 PM org.eclipse.lsp4j.jsonrpc.RemoteEndpoint handleCancellation
ADVERTENCIA: Unmatched cancel notification for request id 60
WARN  no build target for: C:\Users\HP\Desktop\Universidad\Tercer Semestre\Programación Orientada a Objetos\Repositorios\Netflix\src\main\scala\Netflix\Netflix.scala
WARN  no build target for: C:\Users\HP\Desktop\Universidad\Tercer Semestre\Programación Orientada a Objetos\Repositorios\Netflix\src\main\scala\Netflix\Netflix.scala
INFO  started: Metals version 0.8.4 in workspace 'C:\Users\HP\Desktop\Universidad\Tercer Semestre\Programación Orientada a Objetos\Repositorios'
INFO  time: initialize in 0.57s
WARN  no build tool detected in workspace 'C:\Users\HP\Desktop\Universidad\Tercer Semestre\Programación Orientada a Objetos\Repositorios'. The most common cause for this problem is that the editor was opened in the wrong working directory, for example if you use sbt then the workspace directory should contain build.sbt. 
WARN  no build target for: C:\Users\HP\Desktop\Universidad\Tercer Semestre\Programación Orientada a Objetos\Repositorios\Netflix\src\main\scala\Planes\Planes.scala
WARN  no build target for: C:\Users\HP\Desktop\Universidad\Tercer Semestre\Programación Orientada a Objetos\Repositorios\Netflix\src\main\scala\Netflix\Netflix.scala
INFO  no build target: using presentation compiler with only scala-library
WARN  no build target for: C:\Users\HP\Desktop\Universidad\Tercer Semestre\Programación Orientada a Objetos\Repositorios\Netflix\src\main\scala\Planes\PlanBasico.scala
WARN  no build target for: C:\Users\HP\Desktop\Universidad\Tercer Semestre\Programación Orientada a Objetos\Repositorios\Netflix\src\main\scala\Planes\PlanEstandar.scala
WARN  no build target for: C:\Users\HP\Desktop\Universidad\Tercer Semestre\Programación Orientada a Objetos\Repositorios\Netflix\src\main\scala\Planes\PlanPremiun.scala
WARN  no build target for: C:\Users\HP\Desktop\Universidad\Tercer Semestre\Programación Orientada a Objetos\Repositorios\Netflix\src\main\scala\Netfliix\Netflix.scala
something's wrong: no file:///c%3A/Users/HP/Desktop/Universidad/Tercer%20Semestre/Programaci%C3%B3n%20Orientada%20a%20Objetos/Repositorios/Netflix/src/main/scala/Netfliix/Netflix.scala in List[<error>]RangePosition(file:///c%3A/Users/HP/Desktop/Universidad/Tercer%20Semestre/Programaci%C3%B3n%20Orientada%20a%20Objetos/Repositorios/Netflix/src/main/scala/Netfliix/Netflix.scala, 193, 193, 207)
WARN  no build target for: C:\Users\HP\Desktop\Universidad\Tercer Semestre\Programación Orientada a Objetos\Repositorios\Netflix\src\main\scala\Usuarios\Usuario.scala
WARN  no build target for: C:\Users\HP\Desktop\Universidad\Tercer Semestre\Programación Orientada a Objetos\Repositorios\Netflix\src\main\scala\Usuarios\UsuarioAdmin.scala
WARN  no build target for: C:\Users\HP\Desktop\Universidad\Tercer Semestre\Programación Orientada a Objetos\Repositorios\Netflix\src\main\scala\Usuarios\UsuarioNormal.scala
WARN  no build target for: C:\Users\HP\Desktop\Universidad\Tercer Semestre\Programación Orientada a Objetos\Repositorios\Netflix\src\main\scala\Complemento\Pelicula.scala
WARN  no build target for: C:\Users\HP\Desktop\Universidad\Tercer Semestre\Programación Orientada a Objetos\Repositorios\Netflix\src\main\scala\Complemento\Registro.scala
INFO  shutting down Metals
INFO  started: Metals version 0.8.4 in workspace 'C:\Users\HP\Desktop\Universidad\Tercer Semestre\Programación Orientada a Objetos\Repositorios'
INFO  time: initialize in 1.47s
WARN  no build tool detected in workspace 'C:\Users\HP\Desktop\Universidad\Tercer Semestre\Programación Orientada a Objetos\Repositorios'. The most common cause for this problem is that the editor was opened in the wrong working directory, for example if you use sbt then the workspace directory should contain build.sbt. 
WARN  no build target for: C:\Users\HP\Desktop\Universidad\Tercer Semestre\Programación Orientada a Objetos\Repositorios\Netflix\src\main\scala\Complemento\Registro.scala
WARN  no build target for: C:\Users\HP\Desktop\Universidad\Tercer Semestre\Programación Orientada a Objetos\Repositorios\Netflix\src\main\scala\Complemento\Pelicula.scala
WARN  no build target for: C:\Users\HP\Desktop\Universidad\Tercer Semestre\Programación Orientada a Objetos\Practicas\comidarapida\src\main\scala\Alimentos\Alimentos.scala
WARN  no build target for: C:\Users\HP\Desktop\Casting.scala
INFO  no build target: using presentation compiler with only scala-library
abr 20, 2020 4:14:27 PM org.eclipse.lsp4j.jsonrpc.RemoteEndpoint handleCancellation
ADVERTENCIA: Unmatched cancel notification for request id 7
abr 20, 2020 4:14:27 PM org.eclipse.lsp4j.jsonrpc.RemoteEndpoint handleCancellation
ADVERTENCIA: Unmatched cancel notification for request id 6
abr 20, 2020 4:14:27 PM org.eclipse.lsp4j.jsonrpc.RemoteEndpoint handleCancellation
ADVERTENCIA: Unmatched cancel notification for request id 11
abr 20, 2020 4:14:27 PM org.eclipse.lsp4j.jsonrpc.RemoteEndpoint handleCancellation
ADVERTENCIA: Unmatched cancel notification for request id 10
abr 20, 2020 4:14:27 PM org.eclipse.lsp4j.jsonrpc.RemoteEndpoint handleCancellation
ADVERTENCIA: Unmatched cancel notification for request id 13
abr 20, 2020 4:14:28 PM org.eclipse.lsp4j.jsonrpc.RemoteEndpoint handleCancellation
ADVERTENCIA: Unmatched cancel notification for request id 18
WARN  no build target for: C:\Users\HP\Desktop\Casting.scala
WARN  no build target for: C:\Users\HP\Desktop\Casting.scala
INFO  shutting down Metals
INFO  started: Metals version 0.8.4 in workspace 'C:\Users\HP\Desktop\Universidad\Tercer Semestre\Programación Orientada a Objetos\Repositorios'
INFO  time: initialize in 0.95s
WARN  no build tool detected in workspace 'C:\Users\HP\Desktop\Universidad\Tercer Semestre\Programación Orientada a Objetos\Repositorios'. The most common cause for this problem is that the editor was opened in the wrong working directory, for example if you use sbt then the workspace directory should contain build.sbt. 
WARN  no build target for: C:\Users\HP\Desktop\Universidad\Tercer Semestre\Programación Orientada a Objetos\Repositorios\Netflix\src\main\scala\Complemento\Pelicula.scala
WARN  no build target for: C:\Users\HP\Desktop\Universidad\Tercer Semestre\Programación Orientada a Objetos\Repositorios\Netflix\src\main\scala\Complemento\Pelicula.scala
WARN  no build target for: C:\Users\HP\Desktop\Universidad\Tercer Semestre\Programación Orientada a Objetos\Repositorios\Netflix\src\main\scala\Netfliix\Netflix.scala
INFO  no build target: using presentation compiler with only scala-library
WARN  no build target for: C:\Users\HP\Desktop\Universidad\Tercer Semestre\Programación Orientada a Objetos\Repositorios\Netflix\src\main\scala\Complemento\Factura.scala
WARN  no build target for: C:\Users\HP\Desktop\Universidad\Tercer Semestre\Programación Orientada a Objetos\Repositorios\Netflix\src\main\scala\Complemento\Registro.scala
INFO  shutting down Metals
INFO  started: Metals version 0.8.4 in workspace 'C:\Users\HP\Desktop\Universidad\Tercer Semestre\Programación Orientada a Objetos\Repositorios'
INFO  time: initialize in 3.26s
WARN  no build tool detected in workspace 'C:\Users\HP\Desktop\Universidad\Tercer Semestre\Programación Orientada a Objetos\Repositorios'. The most common cause for this problem is that the editor was opened in the wrong working directory, for example if you use sbt then the workspace directory should contain build.sbt. 
WARN  no build target for: C:\Users\HP\Desktop\Universidad\Tercer Semestre\Programación Orientada a Objetos\Repositorios\Netflix\src\main\scala\Complemento\Registro.scala
WARN  no build target for: C:\Users\HP\Desktop\Universidad\Tercer Semestre\Programación Orientada a Objetos\Repositorios\Netflix\src\main\scala\Netfliix\Netflix.scala
abr 21, 2020 11:45:30 PM org.eclipse.lsp4j.jsonrpc.RemoteEndpoint handleCancellation
ADVERTENCIA: Unmatched cancel notification for request id 5
INFO  no build target: using presentation compiler with only scala-library
WARN  no build target for: C:\Users\HP\Desktop\Universidad\Tercer Semestre\Programación Orientada a Objetos\Repositorios\Netflix\src\main\scala\Netflix\Netflix.scala
WARN  no build target for: C:\Users\HP\Desktop\Universidad\Tercer Semestre\Programación Orientada a Objetos\Repositorios\Netflix\src\main\scala\Complemento\Factura.scala
something's wrong: no file:///c%3A/Users/HP/Desktop/Universidad/Tercer%20Semestre/Programaci%C3%B3n%20Orientada%20a%20Objetos/Repositorios/Netflix/src/main/scala/Complemento/Factura.scala in List[String]RangePosition(file:///c%3A/Users/HP/Desktop/Universidad/Tercer%20Semestre/Programaci%C3%B3n%20Orientada%20a%20Objetos/Repositorios/Netflix/src/main/scala/Complemento/Factura.scala, 485, 485, 497)
WARN  no build target for: C:\Users\HP\Desktop\Universidad\Tercer Semestre\Programación Orientada a Objetos\Repositorios\Netflix\src\main\scala\Planes\Plan.scala
WARN  no build target for: C:\Users\HP\Desktop\Universidad\Tercer Semestre\Programación Orientada a Objetos\Repositorios\Netflix\src\main\scala\Complemento\GeneradorCodigo.scala
WARN  no build target for: C:\Users\HP\Desktop\Universidad\Tercer Semestre\Programación Orientada a Objetos\Repositorios\Netflix\src\main\scala\Complemento\Pelicula.scala
WARN  no build target for: C:\Users\HP\Desktop\Universidad\Tercer Semestre\Programación Orientada a Objetos\Repositorios\Netflix\src\main\scala\Complemento\Registro.scala
WARN  no build target for: C:\Users\HP\Desktop\Universidad\Tercer Semestre\Programación Orientada a Objetos\Repositorios\Netflix\src\main\scala\Usuarios\Usuario.scala
WARN  no build target for: C:\Users\HP\Desktop\Universidad\Tercer Semestre\Programación Orientada a Objetos\Repositorios\Netflix\src\main\scala\Usuarios\UsuarioAdmin.scala
something's wrong: no file:///c%3A/Users/HP/Desktop/Universidad/Tercer%20Semestre/Programaci%C3%B3n%20Orientada%20a%20Objetos/Repositorios/Netflix/src/main/scala/Usuarios/UsuarioAdmin.scala in List[Complemento.Pelicula]RangePosition(file:///c%3A/Users/HP/Desktop/Universidad/Tercer%20Semestre/Programaci%C3%B3n%20Orientada%20a%20Objetos/Repositorios/Netflix/src/main/scala/Usuarios/UsuarioAdmin.scala, 4215, 4215, 4229)
WARN  no build target for: C:\Users\HP\Desktop\Universidad\Tercer Semestre\Programación Orientada a Objetos\Repositorios\Netflix\src\main\scala\Usuarios\UsuarioNormal.scala
